2021-12-24 21:12:999 INFO  ManageDriver :33 - Launching chrome Browser
2021-12-24 21:12:564 INFO  ManageDriver :33 - Launching chrome Browser
2021-12-24 21:12:420 WARN  HashedWheelTimer :672 - An exception was thrown by TimerTask.
java.lang.IllegalStateException: cannot be started once stopped
	at io.netty.util.HashedWheelTimer.start(HashedWheelTimer.java:338)
	at io.netty.util.HashedWheelTimer.newTimeout(HashedWheelTimer.java:413)
	at org.asynchttpclient.netty.channel.DefaultChannelPool.scheduleNewIdleChannelDetector(DefaultChannelPool.java:95)
	at org.asynchttpclient.netty.channel.DefaultChannelPool.access$900(DefaultChannelPool.java:43)
	at org.asynchttpclient.netty.channel.DefaultChannelPool$IdleChannelDetector.run(DefaultChannelPool.java:378)
	at io.netty.util.HashedWheelTimer$HashedWheelTimeout.expire(HashedWheelTimer.java:669)
	at io.netty.util.HashedWheelTimer$HashedWheelBucket.expireTimeouts(HashedWheelTimer.java:744)
	at io.netty.util.HashedWheelTimer$Worker.run(HashedWheelTimer.java:469)
	at io.netty.util.concurrent.FastThreadLocalRunnable.run(FastThreadLocalRunnable.java:30)
	at java.lang.Thread.run(Thread.java:745)
2021-12-24 21:12:525 INFO  ManageDriver :33 - Launching chrome Browser
2021-12-24 21:12:677 INFO  ManageDriver :33 - Launching chrome Browser
2021-12-24 21:12:126 INFO  ManageDriver :33 - Launching chrome Browser
2021-12-24 21:12:996 INFO  ManageDriver :33 - Launching chrome Browser
2021-12-24 21:12:310 INFO  ManageDriver :33 - Launching chrome Browser
2021-12-24 21:12:308 INFO  ManageDriver :33 - Launching chrome Browser
2021-12-25 13:12:265 INFO  ManageDriver :33 - Launching chrome Browser
2021-12-25 13:12:762 INFO  ManageDriver :33 - Launching chrome Browser
2021-12-25 13:12:252 INFO  ManageDriver :33 - Launching chrome Browser
2021-12-25 13:12:763 INFO  ManageDriver :33 - Launching chrome Browser
2021-12-25 13:12:636 INFO  ManageDriver :33 - Launching chrome Browser
2021-12-25 13:12:134 INFO  ManageDriver :33 - Launching chrome Browser
2021-12-25 13:12:620 INFO  ManageDriver :33 - Launching chrome Browser
